<?xml version="1.0" encoding="UTF-8"?>
<testsuite xmlns:xsi="http://www.w3.org/2001/XMLSchema-instance" xsi:noNamespaceSchemaLocation="https://maven.apache.org/surefire/maven-surefire-plugin/xsd/surefire-test-report-3.0.xsd" version="3.0" name="com.example.SeleniumAutomationTest" time="17.784" tests="5" errors="0" skipped="0" failures="0">
  <properties>
[...]
</properties>
  <testcase name="testMultiplication" classname="com.example.SeleniumAutomationTest" time="4.093"/>
  <testcase name="testAddition" classname="com.example.SeleniumAutomationTest" time="3.55"/>
  <testcase name="testDivision_DivideByZero" classname="com.example.SeleniumAutomationTest" time="3.675"/>
  <testcase name="testDivision" classname="com.example.SeleniumAutomationTest" time="3.216"/>
  <testcase name="testSubtraction" classname="com.example.SeleniumAutomationTest" time="3.213"/>
</testsuite>